<?xml version="1.0" encoding="UTF-8"?>
<!-- Generated by org.testng.reporters.JUnitReportReporter -->
<testsuite hostname="PREEJA" failures="0" tests="2" name="TestNGEvershop" time="28.968" errors="0" timestamp="2024-05-17T05:28:30 EDT" skipped="0">
  <testcase classname="TestNGEvershop" name="addWomenItemToCart" time="20.940"/>
  <testcase classname="TestNGEvershop" name="addKidsItemToCart" time="8.028"/>
</testsuite> <!-- TestNGEvershop -->
